==============================================================================
Tests                                                                         
==============================================================================
Tests.01 Login Tests :: Arquivo De Testes Relacionandos Ao EndPoint Login     
==============================================================================
Cenario: Realizar Login Com Sucesso Administrador                     | PASS |
------------------------------------------------------------------------------
Cenario: Realizar Login Com Sucesso Usuario Nao Administrador         | PASS |
------------------------------------------------------------------------------
Cenario: Tentativa De Login Com Usuario Nao Cadastrado                | PASS |
------------------------------------------------------------------------------
Cenario: Tentativa De Login Sem Email                                 | PASS |
------------------------------------------------------------------------------
Cenario: Tentativa De Login Sem Senha                                 | PASS |
------------------------------------------------------------------------------
Tests.01 Login Tests :: Arquivo De Testes Relacionandos Ao EndPoin... | PASS |
5 tests, 5 passed, 0 failed
==============================================================================
Tests                                                                 | PASS |
5 tests, 5 passed, 0 failed
==============================================================================
Output:  C:\Users\Cleo\Documents\Python\CleoMaia_Compass_Sprint6\reports\pabot_results\0\output.xml
