==============================================================================
Tests                                                                         
==============================================================================
Tests.04 Carrinhos Tests :: Arquivo De Testes Relacionandos Ao EndPoint Car...
==============================================================================
Cenario: Listar Todos Os Carrinhos Cadastrados                          
  Traceback (most recent call last):
    ~~~~~~~~~~~~~~~~~~~~~~~~~~~~~~~~~~~~~~~~~~~~~~~~~~~~~~~~~~~~~~~~~~~~~~~~~~
    File  C:\Users\Cleo\Documents\Python\CleoMaia_Compass_Sprint6\tests\04_carrinhos_tests.robot:12
    T:  Cenario: Listar Todos Os Carrinhos Cadastrados    
    ~~~~~~~~~~~~~~~~~~~~~~~~~~~~~~~~~~~~~~~~~~~~~~~~~~~~~~~~~~~~~~~~~~~~~~~~~~
    File  C:\Users\Cleo\Documents\Python\CleoMaia_Compass_Sprint6\tests\04_carrinhos_tests.robot:14
      Cadastrar Novo Carrinho    
    ~~~~~~~~~~~~~~~~~~~~~~~~~~~~~~~~~~~~~~~~~~~~~~~~~~~~~~~~~~~~~~~~~~~~~~~~~~
    File  C:\Users\Cleo\Documents\Python\CleoMaia_Compass_Sprint6\keywords\carrinhos_keywords.resource:15
      Logar E Salvar Token Como    "Administrador"
    ~~~~~~~~~~~~~~~~~~~~~~~~~~~~~~~~~~~~~~~~~~~~~~~~~~~~~~~~~~~~~~~~~~~~~~~~~~
    File  C:\Users\Cleo\Documents\Python\CleoMaia_Compass_Sprint6\keywords\login_keywords.resource:18
      Remove From Dictionary    ${usuario_valido}    nome    administrador    _id
      |  ${usuario_valido} = None (NoneType)
______________________________________________________________________________
| FAIL |
TypeError: argument of type 'NoneType' is not iterable
------------------------------------------------------------------------------
Cenario: Buscar Carrinho Cadastrado                                     
  Traceback (most recent call last):
    ~~~~~~~~~~~~~~~~~~~~~~~~~~~~~~~~~~~~~~~~~~~~~~~~~~~~~~~~~~~~~~~~~~~~~~~~~~
    File  C:\Users\Cleo\Documents\Python\CleoMaia_Compass_Sprint6\tests\04_carrinhos_tests.robot:19
    T:  Cenario: Buscar Carrinho Cadastrado    
    ~~~~~~~~~~~~~~~~~~~~~~~~~~~~~~~~~~~~~~~~~~~~~~~~~~~~~~~~~~~~~~~~~~~~~~~~~~
    File  C:\Users\Cleo\Documents\Python\CleoMaia_Compass_Sprint6\tests\04_carrinhos_tests.robot:21
      Cadastrar Novo Carrinho    
    ~~~~~~~~~~~~~~~~~~~~~~~~~~~~~~~~~~~~~~~~~~~~~~~~~~~~~~~~~~~~~~~~~~~~~~~~~~
    File  C:\Users\Cleo\Documents\Python\CleoMaia_Compass_Sprint6\keywords\carrinhos_keywords.resource:15
      Logar E Salvar Token Como    "Administrador"
    ~~~~~~~~~~~~~~~~~~~~~~~~~~~~~~~~~~~~~~~~~~~~~~~~~~~~~~~~~~~~~~~~~~~~~~~~~~
    File  C:\Users\Cleo\Documents\Python\CleoMaia_Compass_Sprint6\keywords\login_keywords.resource:18
      Remove From Dictionary    ${usuario_valido}    nome    administrador    _id
      |  ${usuario_valido} = None (NoneType)
______________________________________________________________________________
| FAIL |
TypeError: argument of type 'NoneType' is not iterable
------------------------------------------------------------------------------
Cenario: Tentar Buscar Carrinho Nao Cadastrado                        | PASS |
------------------------------------------------------------------------------
Cenario: Cadastrar Carrinho Valido Administrador                        
  Traceback (most recent call last):
    ~~~~~~~~~~~~~~~~~~~~~~~~~~~~~~~~~~~~~~~~~~~~~~~~~~~~~~~~~~~~~~~~~~~~~~~~~~
    File  C:\Users\Cleo\Documents\Python\CleoMaia_Compass_Sprint6\tests\04_carrinhos_tests.robot:36
    T:  Cenario: Cadastrar Carrinho Valido Administrador    
    ~~~~~~~~~~~~~~~~~~~~~~~~~~~~~~~~~~~~~~~~~~~~~~~~~~~~~~~~~~~~~~~~~~~~~~~~~~
    File  C:\Users\Cleo\Documents\Python\CleoMaia_Compass_Sprint6\tests\04_carrinhos_tests.robot:39
      Logar E Salvar Token Como    "Administrador"
    ~~~~~~~~~~~~~~~~~~~~~~~~~~~~~~~~~~~~~~~~~~~~~~~~~~~~~~~~~~~~~~~~~~~~~~~~~~
    File  C:\Users\Cleo\Documents\Python\CleoMaia_Compass_Sprint6\keywords\login_keywords.resource:18
      Remove From Dictionary    ${usuario_valido}    nome    administrador    _id
      |  ${usuario_valido} = None (NoneType)
______________________________________________________________________________
| FAIL |
TypeError: argument of type 'NoneType' is not iterable
------------------------------------------------------------------------------
Cenario: Cadastrar Carrinho Valido Nao Administrador                    
  Traceback (most recent call last):
    ~~~~~~~~~~~~~~~~~~~~~~~~~~~~~~~~~~~~~~~~~~~~~~~~~~~~~~~~~~~~~~~~~~~~~~~~~~
    File  C:\Users\Cleo\Documents\Python\CleoMaia_Compass_Sprint6\tests\04_carrinhos_tests.robot:45
    T:  Cenario: Cadastrar Carrinho Valido Nao Administrador    
    ~~~~~~~~~~~~~~~~~~~~~~~~~~~~~~~~~~~~~~~~~~~~~~~~~~~~~~~~~~~~~~~~~~~~~~~~~~
    File  C:\Users\Cleo\Documents\Python\CleoMaia_Compass_Sprint6\tests\04_carrinhos_tests.robot:48
      Logar E Salvar Token Como    "Nao Administrador"
    ~~~~~~~~~~~~~~~~~~~~~~~~~~~~~~~~~~~~~~~~~~~~~~~~~~~~~~~~~~~~~~~~~~~~~~~~~~
    File  C:\Users\Cleo\Documents\Python\CleoMaia_Compass_Sprint6\keywords\login_keywords.resource:18
      Remove From Dictionary    ${usuario_valido}    nome    administrador    _id
      |  ${usuario_valido} = None (NoneType)
______________________________________________________________________________
| FAIL |
TypeError: argument of type 'NoneType' is not iterable
------------------------------------------------------------------------------
Cenario: Tentar Cadastrar Carrinho Valido Sem Autenticacao            | PASS |
------------------------------------------------------------------------------
Cenario: Tentar Cadastrar Mais de Um Carrinho                           
  Traceback (most recent call last):
    ~~~~~~~~~~~~~~~~~~~~~~~~~~~~~~~~~~~~~~~~~~~~~~~~~~~~~~~~~~~~~~~~~~~~~~~~~~
    File  C:\Users\Cleo\Documents\Python\CleoMaia_Compass_Sprint6\tests\04_carrinhos_tests.robot:61
    T:  Cenario: Tentar Cadastrar Mais de Um Carrinho    
    ~~~~~~~~~~~~~~~~~~~~~~~~~~~~~~~~~~~~~~~~~~~~~~~~~~~~~~~~~~~~~~~~~~~~~~~~~~
    File  C:\Users\Cleo\Documents\Python\CleoMaia_Compass_Sprint6\tests\04_carrinhos_tests.robot:64
      Logar E Salvar Token Como    "Administrador"
    ~~~~~~~~~~~~~~~~~~~~~~~~~~~~~~~~~~~~~~~~~~~~~~~~~~~~~~~~~~~~~~~~~~~~~~~~~~
    File  C:\Users\Cleo\Documents\Python\CleoMaia_Compass_Sprint6\keywords\login_keywords.resource:18
      Remove From Dictionary    ${usuario_valido}    nome    administrador    _id
      |  ${usuario_valido} = None (NoneType)
______________________________________________________________________________
| FAIL |
TypeError: argument of type 'NoneType' is not iterable
------------------------------------------------------------------------------
Cenraio: Tentar Cadastrar Carrinho Com Produto Invalido                 
  Traceback (most recent call last):
    ~~~~~~~~~~~~~~~~~~~~~~~~~~~~~~~~~~~~~~~~~~~~~~~~~~~~~~~~~~~~~~~~~~~~~~~~~~
    File  C:\Users\Cleo\Documents\Python\CleoMaia_Compass_Sprint6\tests\04_carrinhos_tests.robot:74
    T:  Cenraio: Tentar Cadastrar Carrinho Com Produto Invalido    
    ~~~~~~~~~~~~~~~~~~~~~~~~~~~~~~~~~~~~~~~~~~~~~~~~~~~~~~~~~~~~~~~~~~~~~~~~~~
    File  C:\Users\Cleo\Documents\Python\CleoMaia_Compass_Sprint6\tests\04_carrinhos_tests.robot:77
      Logar E Salvar Token Como    "Nao Administrador"
    ~~~~~~~~~~~~~~~~~~~~~~~~~~~~~~~~~~~~~~~~~~~~~~~~~~~~~~~~~~~~~~~~~~~~~~~~~~
    File  C:\Users\Cleo\Documents\Python\CleoMaia_Compass_Sprint6\keywords\login_keywords.resource:18
      Remove From Dictionary    ${usuario_valido}    nome    administrador    _id
      |  ${usuario_valido} = None (NoneType)
______________________________________________________________________________
| FAIL |
TypeError: argument of type 'NoneType' is not iterable
------------------------------------------------------------------------------
Cenario: Tentar Cadastrar Carrinho Com Quantidade Insuficiente          
  Traceback (most recent call last):
    ~~~~~~~~~~~~~~~~~~~~~~~~~~~~~~~~~~~~~~~~~~~~~~~~~~~~~~~~~~~~~~~~~~~~~~~~~~
    File  C:\Users\Cleo\Documents\Python\CleoMaia_Compass_Sprint6\tests\04_carrinhos_tests.robot:82
    T:  Cenario: Tentar Cadastrar Carrinho Com Quantidade Insuficiente    
    ~~~~~~~~~~~~~~~~~~~~~~~~~~~~~~~~~~~~~~~~~~~~~~~~~~~~~~~~~~~~~~~~~~~~~~~~~~
    File  C:\Users\Cleo\Documents\Python\CleoMaia_Compass_Sprint6\tests\04_carrinhos_tests.robot:85
      Logar E Salvar Token Como    "Nao Administrador"
    ~~~~~~~~~~~~~~~~~~~~~~~~~~~~~~~~~~~~~~~~~~~~~~~~~~~~~~~~~~~~~~~~~~~~~~~~~~
    File  C:\Users\Cleo\Documents\Python\CleoMaia_Compass_Sprint6\keywords\login_keywords.resource:18
      Remove From Dictionary    ${usuario_valido}    nome    administrador    _id
      |  ${usuario_valido} = None (NoneType)
______________________________________________________________________________
| FAIL |
TypeError: argument of type 'NoneType' is not iterable
------------------------------------------------------------------------------
Cenario: Tentar Cadastrar Carrinho Invalido Sem idProduto               
  Traceback (most recent call last):
    ~~~~~~~~~~~~~~~~~~~~~~~~~~~~~~~~~~~~~~~~~~~~~~~~~~~~~~~~~~~~~~~~~~~~~~~~~~
    File  C:\Users\Cleo\Documents\Python\CleoMaia_Compass_Sprint6\tests\04_carrinhos_tests.robot:90
    T:  Cenario: Tentar Cadastrar Carrinho Invalido Sem idProduto    
    ~~~~~~~~~~~~~~~~~~~~~~~~~~~~~~~~~~~~~~~~~~~~~~~~~~~~~~~~~~~~~~~~~~~~~~~~~~
    File  C:\Users\Cleo\Documents\Python\CleoMaia_Compass_Sprint6\tests\04_carrinhos_tests.robot:93
      Logar E Salvar Token Como    "Administrador"
    ~~~~~~~~~~~~~~~~~~~~~~~~~~~~~~~~~~~~~~~~~~~~~~~~~~~~~~~~~~~~~~~~~~~~~~~~~~
    File  C:\Users\Cleo\Documents\Python\CleoMaia_Compass_Sprint6\keywords\login_keywords.resource:18
      Remove From Dictionary    ${usuario_valido}    nome    administrador    _id
      |  ${usuario_valido} = None (NoneType)
______________________________________________________________________________
| FAIL |
TypeError: argument of type 'NoneType' is not iterable
------------------------------------------------------------------------------
Cenario: Tentar Cadastrar Carrinho Invalido Sem Quantidade              
  Traceback (most recent call last):
    ~~~~~~~~~~~~~~~~~~~~~~~~~~~~~~~~~~~~~~~~~~~~~~~~~~~~~~~~~~~~~~~~~~~~~~~~~~
    File  C:\Users\Cleo\Documents\Python\CleoMaia_Compass_Sprint6\tests\04_carrinhos_tests.robot:98
    T:  Cenario: Tentar Cadastrar Carrinho Invalido Sem Quantidade    
    ~~~~~~~~~~~~~~~~~~~~~~~~~~~~~~~~~~~~~~~~~~~~~~~~~~~~~~~~~~~~~~~~~~~~~~~~~~
    File  C:\Users\Cleo\Documents\Python\CleoMaia_Compass_Sprint6\tests\04_carrinhos_tests.robot:101
      Logar E Salvar Token Como    "Administrador"
    ~~~~~~~~~~~~~~~~~~~~~~~~~~~~~~~~~~~~~~~~~~~~~~~~~~~~~~~~~~~~~~~~~~~~~~~~~~
    File  C:\Users\Cleo\Documents\Python\CleoMaia_Compass_Sprint6\keywords\login_keywords.resource:18
      Remove From Dictionary    ${usuario_valido}    nome    administrador    _id
      |  ${usuario_valido} = None (NoneType)
______________________________________________________________________________
| FAIL |
TypeError: argument of type 'NoneType' is not iterable
------------------------------------------------------------------------------
Cenario: Concluir Compra Com Carrinho Valido                            
  Traceback (most recent call last):
    ~~~~~~~~~~~~~~~~~~~~~~~~~~~~~~~~~~~~~~~~~~~~~~~~~~~~~~~~~~~~~~~~~~~~~~~~~~
    File  C:\Users\Cleo\Documents\Python\CleoMaia_Compass_Sprint6\tests\04_carrinhos_tests.robot:109
    T:  Cenario: Concluir Compra Com Carrinho Valido    
    ~~~~~~~~~~~~~~~~~~~~~~~~~~~~~~~~~~~~~~~~~~~~~~~~~~~~~~~~~~~~~~~~~~~~~~~~~~
    File  C:\Users\Cleo\Documents\Python\CleoMaia_Compass_Sprint6\tests\04_carrinhos_tests.robot:111
      Cadastrar Novo Carrinho    
    ~~~~~~~~~~~~~~~~~~~~~~~~~~~~~~~~~~~~~~~~~~~~~~~~~~~~~~~~~~~~~~~~~~~~~~~~~~
    File  C:\Users\Cleo\Documents\Python\CleoMaia_Compass_Sprint6\keywords\carrinhos_keywords.resource:15
      Logar E Salvar Token Como    "Administrador"
    ~~~~~~~~~~~~~~~~~~~~~~~~~~~~~~~~~~~~~~~~~~~~~~~~~~~~~~~~~~~~~~~~~~~~~~~~~~
    File  C:\Users\Cleo\Documents\Python\CleoMaia_Compass_Sprint6\keywords\login_keywords.resource:18
      Remove From Dictionary    ${usuario_valido}    nome    administrador    _id
      |  ${usuario_valido} = None (NoneType)
______________________________________________________________________________
| FAIL |
TypeError: argument of type 'NoneType' is not iterable
------------------------------------------------------------------------------
Cenario: Tentar Concluir Compra Usuario Sem Carrinho                    
  Traceback (most recent call last):
    ~~~~~~~~~~~~~~~~~~~~~~~~~~~~~~~~~~~~~~~~~~~~~~~~~~~~~~~~~~~~~~~~~~~~~~~~~~
    File  C:\Users\Cleo\Documents\Python\CleoMaia_Compass_Sprint6\tests\04_carrinhos_tests.robot:116
    T:  Cenario: Tentar Concluir Compra Usuario Sem Carrinho    
    ~~~~~~~~~~~~~~~~~~~~~~~~~~~~~~~~~~~~~~~~~~~~~~~~~~~~~~~~~~~~~~~~~~~~~~~~~~
    File  C:\Users\Cleo\Documents\Python\CleoMaia_Compass_Sprint6\tests\04_carrinhos_tests.robot:118
      Logar E Salvar Token Como    "Nao Administrador"
    ~~~~~~~~~~~~~~~~~~~~~~~~~~~~~~~~~~~~~~~~~~~~~~~~~~~~~~~~~~~~~~~~~~~~~~~~~~
    File  C:\Users\Cleo\Documents\Python\CleoMaia_Compass_Sprint6\keywords\login_keywords.resource:18
      Remove From Dictionary    ${usuario_valido}    nome    administrador    _id
      |  ${usuario_valido} = None (NoneType)
______________________________________________________________________________
| FAIL |
TypeError: argument of type 'NoneType' is not iterable
------------------------------------------------------------------------------
Cenario: Tentar Concluir Compra Com Carrinho Valido Token Invalido    | PASS |
------------------------------------------------------------------------------
Cenario: Cancelar Compra Com Carrinho Valido                            
  Traceback (most recent call last):
    ~~~~~~~~~~~~~~~~~~~~~~~~~~~~~~~~~~~~~~~~~~~~~~~~~~~~~~~~~~~~~~~~~~~~~~~~~~
    File  C:\Users\Cleo\Documents\Python\CleoMaia_Compass_Sprint6\tests\04_carrinhos_tests.robot:131
    T:  Cenario: Cancelar Compra Com Carrinho Valido    
    ~~~~~~~~~~~~~~~~~~~~~~~~~~~~~~~~~~~~~~~~~~~~~~~~~~~~~~~~~~~~~~~~~~~~~~~~~~
    File  C:\Users\Cleo\Documents\Python\CleoMaia_Compass_Sprint6\tests\04_carrinhos_tests.robot:133
      Cadastrar Novo Carrinho    
    ~~~~~~~~~~~~~~~~~~~~~~~~~~~~~~~~~~~~~~~~~~~~~~~~~~~~~~~~~~~~~~~~~~~~~~~~~~
    File  C:\Users\Cleo\Documents\Python\CleoMaia_Compass_Sprint6\keywords\carrinhos_keywords.resource:15
      Logar E Salvar Token Como    "Administrador"
    ~~~~~~~~~~~~~~~~~~~~~~~~~~~~~~~~~~~~~~~~~~~~~~~~~~~~~~~~~~~~~~~~~~~~~~~~~~
    File  C:\Users\Cleo\Documents\Python\CleoMaia_Compass_Sprint6\keywords\login_keywords.resource:18
      Remove From Dictionary    ${usuario_valido}    nome    administrador    _id
      |  ${usuario_valido} = None (NoneType)
______________________________________________________________________________
| FAIL |
TypeError: argument of type 'NoneType' is not iterable
------------------------------------------------------------------------------
Cenario: Tentar Cancelar Compra Usuario Sem Carrinho                    
  Traceback (most recent call last):
    ~~~~~~~~~~~~~~~~~~~~~~~~~~~~~~~~~~~~~~~~~~~~~~~~~~~~~~~~~~~~~~~~~~~~~~~~~~
    File  C:\Users\Cleo\Documents\Python\CleoMaia_Compass_Sprint6\tests\04_carrinhos_tests.robot:139
    T:  Cenario: Tentar Cancelar Compra Usuario Sem Carrinho    
    ~~~~~~~~~~~~~~~~~~~~~~~~~~~~~~~~~~~~~~~~~~~~~~~~~~~~~~~~~~~~~~~~~~~~~~~~~~
    File  C:\Users\Cleo\Documents\Python\CleoMaia_Compass_Sprint6\tests\04_carrinhos_tests.robot:141
      Logar E Salvar Token Como    "Nao Administrador"
    ~~~~~~~~~~~~~~~~~~~~~~~~~~~~~~~~~~~~~~~~~~~~~~~~~~~~~~~~~~~~~~~~~~~~~~~~~~
    File  C:\Users\Cleo\Documents\Python\CleoMaia_Compass_Sprint6\keywords\login_keywords.resource:18
      Remove From Dictionary    ${usuario_valido}    nome    administrador    _id
      |  ${usuario_valido} = None (NoneType)
______________________________________________________________________________
| FAIL |
TypeError: argument of type 'NoneType' is not iterable
------------------------------------------------------------------------------
Cenario: Tentar Cancelar Compra Com Carrinho Valido Token Invalido    | PASS |
------------------------------------------------------------------------------
Tests.04 Carrinhos Tests :: Arquivo De Testes Relacionandos Ao End... | FAIL |
17 tests, 4 passed, 13 failed
==============================================================================
Tests                                                                 | FAIL |
17 tests, 4 passed, 13 failed
==============================================================================
Output:  C:\Users\Cleo\Documents\Python\CleoMaia_Compass_Sprint6\reports\pabot_results\3\output.xml
